{
    "critiques": {
        "680": {
            "rubric_items": {
                "5510": {
                    "autograded": true,
                    "result": "failed",
                    "observation": "Not all of the tests passed.\n\n```\n************************************************************************\n                         Test Failure Feedback                          \n************************************************************************\n\nFailed Test: 7. Test functionality of AlphaBetaPlayer.alphabeta()\n----------------------------------------------------------------------\nTraceback (most recent call last):\n  File \"/home/vmuser_uxrgnomj/workspace/game_agent.py\", line 426, in alphabeta\n    next_score = self.max_value(game_forecast, depth - 1, alpha, beta)\n  File \"/home/vmuser_uxrgnomj/workspace/game_agent.py\", line 452, in max_value\n    value = max(value, self.min_value(game_forecast, depth + 1, alpha, beta))\n\n                     ...lines elided for space...                     \n\n  File \"/home/vmuser_uxrgnomj/workspace/game_agent.py\", line 452, in max_value\n    value = max(value, self.min_value(game_forecast, depth + 1, alpha, beta))\n  File \"/home/vmuser_uxrgnomj/workspace/game_agent.py\", line 468, in min_value\n    value = min(value, self.max_value(game_forecast, depth + 1, alpha, beta))\n  File \"/home/vmuser_uxrgnomj/workspace/game_agent.py\", line 452, in max_value\n    value = max(value, self.min_value(game_forecast, depth + 1, alpha, beta))\n  File \"/home/vmuser_uxrgnomj/workspace/game_agent.py\", line 468, in min_value\n    value = min(value, self.max_value(game_forecast, depth + 1, alpha, beta))\n  File \"/home/vmuser_uxrgnomj/workspace/game_agent.py\", line 452, in max_value\n    value = max(value, self.min_value(game_forecast, depth + 1, alpha, beta))\n  File \"/home/vmuser_uxrgnomj/workspace/game_agent.py\", line 468, in min_value\n    value = min(value, self.max_value(game_forecast, depth + 1, alpha, beta))\n  File \"/home/vmuser_uxrgnomj/workspace/game_agent.py\", line 452, in max_value\n    value = max(value, self.min_value(game_forecast, depth + 1, alpha, beta))\n  File \"/home/vmuser_uxrgnomj/workspace/game_agent.py\", line 468, in min_value\n    value = min(value, self.max_value(game_forecast, depth + 1, alpha, beta))\n  File \"/home/vmuser_uxrgnomj/workspace/game_agent.py\", line 452, in max_value\n    value = max(value, self.min_value(game_forecast, depth + 1, alpha, beta))\n  File \"/home/vmuser_uxrgnomj/workspace/game_agent.py\", line 468, in min_value\n    value = min(value, self.max_value(game_forecast, depth + 1, alpha, beta))\n  File \"/home/vmuser_uxrgnomj/workspace/game_agent.py\", line 452, in max_value\n    value = max(value, self.min_value(game_forecast, depth + 1, alpha, beta))\n  File \"/home/vmuser_uxrgnomj/workspace/game_agent.py\", line 462, in min_value\n    if self.terminal_test(game, depth):\n  File \"/home/vmuser_uxrgnomj/workspace/game_agent.py\", line 439, in terminal_test\n    if self.time_left() < self.TIMER_THRESHOLD:\n  File \"/home/vmuser_uxrgnomj/testcases.py\", line 64, in timeout\n    \"Otherwise you may need to work on making your code more efficient.\"\nRuntimeError: Your agent ran much longer than expected for this test case. Check your search termination conditions to ensure you are cutting off at the depth limit or when the game ends. Otherwise you may need to work on making your code more efficient.\n\n\nFailed Test: 9. Test iterative deepening in AlphaBetaPlayer.get_move()\n----------------------------------------------------------------------\nAssertionError: False is not true : Your agent did not call the search function self.alphabeta() the expected number of times.  Iterative deepening should call the search function with sequential values until SearchTimeout is raised. SearchTimeout was set to be raised after 24 moves, and your agent called the search function 2 times.\n\n\n************************************************************************\n                          Test Result Summary                           \n************************************************************************\n\n1. Test output interface of MinimaxPlayer.minimax():                   .\n2. Test functionality of MinimaxPlayer.minimax():                      .\n3. Test that minimax() raises SearchTimeout when the timer expires:    .\n4. Test that MinimaxPlayer successfully plays a full game:             .\n5. Test interface of AlphaBetaPlayer.alphabeta():                      .\n6. Test the interface of AlphaBetaPlayer.get_move():                   .\n7. Test functionality of AlphaBetaPlayer.alphabeta():                  E\n8. Test that alphabeta() raises SearchTimeout when the timer expires:  .\n9. Test iterative deepening in AlphaBetaPlayer.get_move():             F\n10. Test that AlphaBetaPlayer successfully plays a full game:          .\n11. Test output interface of custom_score():                           .\n12. Test output interface of custom_score_2():                         .\n13. Test output interface of custom_score_3():                         .\n\n------------------------------------------------------------------------\n            . - Test Passed    F - Test Failed    E - Error             \n\n```"
                },
                "7303": {
                    "autograded": true,
                    "result": "failed",
                    "observation": "Not all of the tests passed.\n\n```\n************************************************************************\n                         Test Failure Feedback                          \n************************************************************************\n\nFailed Test: 14. Submission includes heuristic_analysis.pdf\n----------------------------------------------------------------------\nAssertionError: False is not true : You must submit a report named heuristic_analysis.pdf for review.\n\n\nFailed Test: 15. Submission includes research_review.pdf\n----------------------------------------------------------------------\nAssertionError: False is not true : You must submit a report named research_review.pdf for review.\n\n\n************************************************************************\n                          Test Result Summary                           \n************************************************************************\n\n14. Submission includes heuristic_analysis.pdf:                        F\n15. Submission includes research_review.pdf:                           F\n\n------------------------------------------------------------------------\n            . - Test Passed    F - Test Failed    E - Error             \n\n```"
                }
            }
        }
    }
}